<?xml version="1.0" encoding="UTF-8"?>
<testng-results skipped="0" failed="0" ignored="0" total="1" passed="1">
  <reporter-output>
  </reporter-output>
  <suite name="Default suite" duration-ms="573" started-at="2019-10-06T15:48:33 EDT" finished-at="2019-10-06T15:48:33 EDT">
    <groups>
    </groups>
    <test name="Default test" duration-ms="573" started-at="2019-10-06T15:48:33 EDT" finished-at="2019-10-06T15:48:33 EDT">
      <class name="Tests.test1">
        <test-method status="PASS" signature="beforeSuit()[pri:0, instance:Tests.test1@210366b4]" name="beforeSuit" is-config="true" duration-ms="4290" started-at="2019-10-06T15:48:28 EDT" finished-at="2019-10-06T15:48:33 EDT">
          <reporter-output>
          </reporter-output>
        </test-method> <!-- beforeSuit -->
        <test-method status="PASS" signature="openBrowser()[pri:0, instance:Tests.test1@210366b4]" name="openBrowser" duration-ms="524" started-at="2019-10-06T15:48:33 EDT" finished-at="2019-10-06T15:48:33 EDT">
          <reporter-output>
          </reporter-output>
        </test-method> <!-- openBrowser -->
      </class> <!-- Tests.test1 -->
    </test> <!-- Default test -->
  </suite> <!-- Default suite -->
</testng-results>
